1586956807097	mozrunner::runner	INFO	Running command: "C:\\Program Files (x86)\\Mozilla Firefox\\firefox.exe" "-marionette" "-foreground" "-no-remote" "-profile" "C:\\Users\\LRH\\AppData\\Local\\Temp\\rust_mozprofilea5Gvll"
1586956807669	addons.webextension.screenshots@mozilla.org	WARN	Loading extension 'screenshots@mozilla.org': Reading manifest: Invalid extension permission: mozillaAddons
1586956807669	addons.webextension.screenshots@mozilla.org	WARN	Loading extension 'screenshots@mozilla.org': Reading manifest: Invalid extension permission: telemetry
1586956807669	addons.webextension.screenshots@mozilla.org	WARN	Loading extension 'screenshots@mozilla.org': Reading manifest: Invalid extension permission: resource://pdf.js/
1586956807673	addons.webextension.screenshots@mozilla.org	WARN	Loading extension 'screenshots@mozilla.org': Reading manifest: Invalid extension permission: about:reader*
JavaScript error: undefined, line 14: Error: An unexpected error occurred
JavaScript error: moz-extension://52789832-70b8-4349-b3d8-c2935fc3f50b/lib/picture_in_picture_overrides.js, line 15: Error: Incorrect argument types for pictureInPictureParent.setOverrides.
JavaScript error: resource:///modules/sessionstore/SessionStore.jsm, line 1325: uncaught exception: 2147746065
1586956809388	Marionette	INFO	Listening on port 53051
1586956809752	Marionette	WARN	TLS certificate errors will be ignored for this session
[Child 18356, Chrome_ChildThread] WARNING: pipe error: 109: file z:/task_1585934252/build/src/ipc/chromium/src/chrome/common/ipc_channel_win.cc, line 341
[Child 18356,[Child 16868, Chrome_ChildThread] WARNING: pipe error: 109: file z:/task_1585934252/build/src/ipc/chromium/src/chrome/common/ipc_channel_win.cc, line 341
[Child 168[Parent 15976, Gecko_IOThread] WARNING: pipe error: 109: file z:/task_1585934252/build/src/ipc/chromium/src/chrome/common/ipc_channel_win.cc, line 341
[Child 3512, Chrome_ChildThread] WARNING: pipe error: 109: file z:/task_1585934252/build/src/ipc/chromium/src/chrome/common/ipc_channel_win.cc, line 341
[Child 3512,1586956814550	Marionette	INFO	Stopped listening on port 53051
[GPU 16008, Chrom
###!!! [Child][RunMessage] Error: Channel closing: too late to send/recv, messages will be lost


###!!! [Child][MessageChannel::SendAndWait] Error: Channel error: cannot send/recv

1586959719823	mozrunner::runner	INFO	Running command: "C:\\Program Files (x86)\\Mozilla Firefox\\firefox.exe" "-marionette" "-foreground" "-no-remote" "-profile" "C:\\Users\\LRH\\AppData\\Local\\Temp\\rust_mozprofileDrqkQw"
1586959720393	addons.webextension.screenshots@mozilla.org	WARN	Loading extension 'screenshots@mozilla.org': Reading manifest: Invalid extension permission: mozillaAddons
1586959720393	addons.webextension.screenshots@mozilla.org	WARN	Loading extension 'screenshots@mozilla.org': Reading manifest: Invalid extension permission: telemetry
1586959720393	addons.webextension.screenshots@mozilla.org	WARN	Loading extension 'screenshots@mozilla.org': Reading manifest: Invalid extension permission: resource://pdf.js/
1586959720393	addons.webextension.screenshots@mozilla.org	WARN	Loading extension 'screenshots@mozilla.org': Reading manifest: Invalid extension permission: about:reader*
JavaScript error: undefined, line 14: Error: An unexpected error occurred
JavaScript error: moz-extension://4905f2a2-1d07-469d-9e8a-d07e439b4f75/lib/picture_in_picture_overrides.js, line 15: Error: Incorrect argument types for pictureInPictureParent.setOverrides.
JavaScript error: resource:///modules/sessionstore/SessionStore.jsm, line 1325: uncaught exception: 2147746065
1586959722150	Marionette	INFO	Listening on port 53327
1586959722458	Marionette	WARN	TLS certificate errors will be ignored for this session
[Parent 19048, Gecko_IOThread] WARNING: pipe error: 109: file z:/task_1585934252/build/src/ipc/chromium/src/chrome/common/ipc_channel_win.cc, line 341
[Parent 19048, Gecko_IOThread] WARNING: pipe error: 109: file z:/task_1585934252/build/src/ipc/chromium/src/chrome/common/ipc_channel_win.cc, line 341
[Parent 19048, Gecko_IOThread] WARNING: pipe error: 109: file z:/task_1585934252/build/src/ipc/chromium/src/chrome/common/ipc_channel_win.cc, line 341
[Child 1816, Chrome_ChildThread] WARNING: pipe error: 109: file z:/task_1585934252/build/src/ipc/chromium/src/chrome/common/ipc_channel_win.cc, line 341
[Child 18161586959726469	Marionette	INFO	Stopped listening on port 53327
[GPU 8660, Chrome_Ch
###!!! [Child][RunMessage] Error: Channel closing: too late to send/recv, messages will be lost


###!!! [Child][MessageChannel::SendAndWait] Error: Channel error: cannot send/recv

